<?xml version="1.0" encoding="UTF-8"?>
<testsuite xmlns:xsi="http://www.w3.org/2001/XMLSchema-instance" xsi:noNamespaceSchemaLocation="https://maven.apache.org/surefire/maven-surefire-plugin/xsd/surefire-test-report-3.0.xsd" version="3.0" name="edu.java.studentorder.dao.DictionaryDaoImplTest" time="0.926" tests="4" errors="0" skipped="0" failures="0">
  <properties>
[...]
</properties>
  <testcase name="testRegisterOffice" classname="edu.java.studentorder.dao.DictionaryDaoImplTest" time="0.05"/>
  <testcase name="testArea" classname="edu.java.studentorder.dao.DictionaryDaoImplTest" time="0.165"/>
  <testcase name="testPassportOffice" classname="edu.java.studentorder.dao.DictionaryDaoImplTest" time="0.046"/>
  <testcase name="testStreet" classname="edu.java.studentorder.dao.DictionaryDaoImplTest" time="0.062">
    <system-err><![CDATA[серп. 08, 2023 11:06:01 ПП edu.java.studentorder.dao.DictionaryDaoImplTest testStreet
INFO: TEST 2023-08-08T23:06:01.365325500 2023-08-08T23:06:01.366326600
]]></system-err>
  </testcase>
</testsuite>