<?xml version="1.0" encoding="UTF-8"?>
<testsuite xmlns:xsi="http://www.w3.org/2001/XMLSchema-instance" xsi:noNamespaceSchemaLocation="https://maven.apache.org/surefire/maven-surefire-plugin/xsd/surefire-test-report-3.0.xsd" version="3.0" name="edu.java.studentorder.dao.StudentOrderDaoImplTest" time="0.544" tests="3" errors="0" skipped="0" failures="0">
  <properties>
[...]
</properties>
  <testcase name="saveStudentOrder" classname="edu.java.studentorder.dao.StudentOrderDaoImplTest" time="0.065"/>
  <testcase name="saveStudentOrderError" classname="edu.java.studentorder.dao.StudentOrderDaoImplTest" time="0.055">
    <system-err><![CDATA[серп. 08, 2023 11:06:01 ПП edu.java.studentorder.dao.StudentOrderDaoImpl saveStudentOrder
SEVERE: ПОМИЛКА: null значення в стовпці "h_sur_name" відношення "ps_student_order" порушує not-null обмеження
  Detail: Помилковий рядок містить (2, 0, 2023-08-08 23:06:01.932703, null, Павел, Николаевич, 1995-03-18, 1010, 100010, 2017-09-15, 1, 195000, 1, 10, 2, 121, 2, HH12345, Васильева, Ирина, Петровна, 1997-08-21, 2010, 200010, 2018-04-05, 2, 195000, 1, 10, 2, 121, 1, WW12345, 123456010, 1, 2016-07-04).
org.postgresql.util.PSQLException: ПОМИЛКА: null значення в стовпці "h_sur_name" відношення "ps_student_order" порушує not-null обмеження
  Detail: Помилковий рядок містить (2, 0, 2023-08-08 23:06:01.932703, null, Павел, Николаевич, 1995-03-18, 1010, 100010, 2017-09-15, 1, 195000, 1, 10, 2, 121, 2, HH12345, Васильева, Ирина, Петровна, 1997-08-21, 2010, 200010, 2018-04-05, 2, 195000, 1, 10, 2, 121, 1, WW12345, 123456010, 1, 2016-07-04).
	at org.postgresql.core.v3.QueryExecutorImpl.receiveErrorResponse(QueryExecutorImpl.java:2676)
	at org.postgresql.core.v3.QueryExecutorImpl.processResults(QueryExecutorImpl.java:2366)
	at org.postgresql.core.v3.QueryExecutorImpl.execute(QueryExecutorImpl.java:356)
	at org.postgresql.jdbc.PgStatement.executeInternal(PgStatement.java:496)
	at org.postgresql.jdbc.PgStatement.execute(PgStatement.java:413)
	at org.postgresql.jdbc.PgPreparedStatement.executeWithFlags(PgPreparedStatement.java:190)
	at org.postgresql.jdbc.PgPreparedStatement.executeUpdate(PgPreparedStatement.java:152)
	at edu.java.studentorder.dao.StudentOrderDaoImpl.saveStudentOrder(StudentOrderDaoImpl.java:109)
	at edu.java.studentorder.dao.StudentOrderDaoImplTest.saveStudentOrderError(StudentOrderDaoImplTest.java:33)
	at java.base/jdk.internal.reflect.DirectMethodHandleAccessor.invoke(DirectMethodHandleAccessor.java:104)
	at java.base/java.lang.reflect.Method.invoke(Method.java:577)
	at org.junit.runners.model.FrameworkMethod$1.runReflectiveCall(FrameworkMethod.java:50)
	at org.junit.internal.runners.model.ReflectiveCallable.run(ReflectiveCallable.java:12)
	at org.junit.runners.model.FrameworkMethod.invokeExplosively(FrameworkMethod.java:47)
	at org.junit.internal.runners.statements.InvokeMethod.evaluate(InvokeMethod.java:17)
	at org.junit.internal.runners.statements.ExpectException.evaluate(ExpectException.java:19)
	at org.junit.runners.ParentRunner.runLeaf(ParentRunner.java:325)
	at org.junit.runners.BlockJUnit4ClassRunner.runChild(BlockJUnit4ClassRunner.java:78)
	at org.junit.runners.BlockJUnit4ClassRunner.runChild(BlockJUnit4ClassRunner.java:57)
	at org.junit.runners.ParentRunner$3.run(ParentRunner.java:290)
	at org.junit.runners.ParentRunner$1.schedule(ParentRunner.java:71)
	at org.junit.runners.ParentRunner.runChildren(ParentRunner.java:288)
	at org.junit.runners.ParentRunner.access$000(ParentRunner.java:58)
	at org.junit.runners.ParentRunner$2.evaluate(ParentRunner.java:268)
	at org.junit.internal.runners.statements.RunBefores.evaluate(RunBefores.java:26)
	at org.junit.runners.ParentRunner.run(ParentRunner.java:363)
	at org.apache.maven.surefire.junit4.JUnit4Provider.execute(JUnit4Provider.java:377)
	at org.apache.maven.surefire.junit4.JUnit4Provider.executeWithRerun(JUnit4Provider.java:284)
	at org.apache.maven.surefire.junit4.JUnit4Provider.executeTestSet(JUnit4Provider.java:248)
	at org.apache.maven.surefire.junit4.JUnit4Provider.invoke(JUnit4Provider.java:167)
	at org.apache.maven.surefire.booter.ForkedBooter.runSuitesInProcess(ForkedBooter.java:456)
	at org.apache.maven.surefire.booter.ForkedBooter.execute(ForkedBooter.java:169)
	at org.apache.maven.surefire.booter.ForkedBooter.run(ForkedBooter.java:595)
	at org.apache.maven.surefire.booter.ForkedBooter.main(ForkedBooter.java:581)

]]></system-err>
  </testcase>
  <testcase name="getStudentOrders" classname="edu.java.studentorder.dao.StudentOrderDaoImplTest" time="0.042"/>
</testsuite>